2025-10-18 02:16:58 - INFO - [actualiza_db] - Inicio del pipeline de actualización INTENTO --> 1
2025-10-18 02:16:58 - INFO - [actualiza_db] - Data existente cargada desde db/db.parquet
2025-10-18 02:16:58 - INFO - [actualiza_db] - Data Bitcoin obtenida correctamente
2025-10-18 02:16:58 - INFO - [actualiza_db] - price_gold obtenido: 4280.2001953125
2025-10-18 02:17:13 - INFO - [actualiza_db] - stock_index_dowjones obtenido: 45952.23828125
2025-10-18 02:17:29 - INFO - [actualiza_db] - stock_index_sp500 obtenido: 6629.06982421875
2025-10-18 02:17:44 - INFO - [actualiza_db] - rate_US10Y obtenido: 3.9760000705718994
2025-10-18 02:17:59 - INFO - [actualiza_db] - stock_index_ni225 obtenido: 48277.73828125
2025-10-18 02:18:14 - INFO - [actualiza_db] - Data combinada: {'date': datetime.date(2025, 10, 17), 'price': 106917.81215192445, 'total_volume': 94003112179.49176, 'market_cap': 2133052905348.105, 'price_gold': np.float64(4280.2001953125), 'stock_index_dowjones': np.float64(45952.23828125), 'stock_index_sp500': np.float64(6629.06982421875), 'rate_US10Y': np.float64(3.9760000705718994), 'stock_index_ni225': np.float64(48277.73828125)}
2025-10-18 02:18:14 - INFO - [actualiza_db] - Data concatenada correctamente
2025-10-18 02:18:14 - INFO - [actualiza_db] - Aplicando estrategia de forward fill
2025-10-18 02:18:14 - INFO - [actualiza_db] - Data actualizada correctamente
2025-10-18 02:18:14 - INFO - [actualiza_db] - Data persistida exitosamente en db/db.parquet
2025-10-18 02:18:14 - INFO - [actualiza_db] - Pipeline completado exitosamente
2025-10-18 02:18:14 - INFO - [actualiza_db] - Log eliminado: log_actualiza_db_2025-09-22.log (antigüedad: 26 días)
2025-10-18 02:18:14 - INFO - [actualiza_db] - Log eliminado: log_actualiza_db_2025-09-24.log (antigüedad: 24 días)
2025-10-18 02:18:14 - INFO - [actualiza_db] - Log eliminado: log_actualiza_db_2025-09-23.log (antigüedad: 25 días)
2025-10-18 02:18:14 - INFO - [actualiza_db] - Log eliminado: log_actualiza_db_2025-10-01.log (antigüedad: 17 días)
2025-10-18 02:18:14 - INFO - [actualiza_db] - Log eliminado: log_actualiza_db_2025-09-27.log (antigüedad: 21 días)
2025-10-18 02:18:14 - INFO - [actualiza_db] - Log eliminado: log_actualiza_db_2025-10-02.log (antigüedad: 16 días)
2025-10-18 02:18:14 - INFO - [actualiza_db] - Log eliminado: log_actualiza_db_2025-09-25.log (antigüedad: 23 días)
2025-10-18 02:18:14 - INFO - [actualiza_db] - Log eliminado: log_actualiza_db_2025-09-30.log (antigüedad: 18 días)
2025-10-18 02:18:14 - INFO - [actualiza_db] - Log eliminado: log_actualiza_db_2025-09-28.log (antigüedad: 20 días)
2025-10-18 02:18:14 - INFO - [actualiza_db] - Log eliminado: log_actualiza_db_2025-09-29.log (antigüedad: 19 días)
2025-10-18 02:18:14 - INFO - [actualiza_db] - Log eliminado: log_actualiza_db_2025-09-26.log (antigüedad: 22 días)
2025-10-18 02:18:14 - INFO - [actualiza_db] - Total de logs eliminados: 11
