2025-10-21 02:25:52 - INFO - [actualiza_db] - Inicio del pipeline de actualización INTENTO --> 1
2025-10-21 02:25:52 - INFO - [actualiza_db] - Data existente cargada desde db/db.parquet
2025-10-21 02:25:52 - INFO - [actualiza_db] - Data Bitcoin obtenida correctamente
2025-10-21 02:25:52 - INFO - [actualiza_db] - price_gold obtenido: 4336.39990234375
2025-10-21 02:26:08 - ERROR - [actualiza_db] - Error individual al obtener stock_index_dowjones: single positional indexer is out-of-bounds
2025-10-21 02:26:08 - ERROR - [actualiza_db] - Error individual al obtener stock_index_sp500: single positional indexer is out-of-bounds
2025-10-21 02:26:08 - ERROR - [actualiza_db] - Error individual al obtener rate_US10Y: single positional indexer is out-of-bounds
2025-10-21 02:26:08 - ERROR - [actualiza_db] - Error individual al obtener stock_index_ni225: single positional indexer is out-of-bounds
2025-10-21 02:26:08 - INFO - [actualiza_db] - Data combinada: {'date': datetime.date(2025, 10, 20), 'price': 109537.10813029089, 'total_volume': 58869113987.15041, 'market_cap': 2184889055016.7156, 'price_gold': np.float64(4336.39990234375), 'stock_index_dowjones': None, 'stock_index_sp500': None, 'rate_US10Y': None, 'stock_index_ni225': None}
2025-10-21 02:26:08 - INFO - [actualiza_db] - Data concatenada correctamente
2025-10-21 02:26:08 - INFO - [actualiza_db] - Aplicando estrategia de forward fill
2025-10-21 02:26:08 - INFO - [actualiza_db] - Data actualizada correctamente
2025-10-21 02:26:08 - INFO - [actualiza_db] - Data persistida exitosamente en db/db.parquet
2025-10-21 02:26:08 - INFO - [actualiza_db] - Pipeline completado exitosamente
2025-10-21 02:26:08 - INFO - [actualiza_db] - Log eliminado: log_actualiza_db_2025-09-24.log (antigüedad: 27 días)
2025-10-21 02:26:08 - INFO - [actualiza_db] - Log eliminado: log_actualiza_db_2025-09-25.log (antigüedad: 26 días)
2025-10-21 02:26:08 - INFO - [actualiza_db] - Log eliminado: log_actualiza_db_2025-10-05.log (antigüedad: 16 días)
2025-10-21 02:26:08 - INFO - [actualiza_db] - Log eliminado: log_actualiza_db_2025-09-30.log (antigüedad: 21 días)
2025-10-21 02:26:08 - INFO - [actualiza_db] - Log eliminado: log_actualiza_db_2025-10-02.log (antigüedad: 19 días)
2025-10-21 02:26:08 - INFO - [actualiza_db] - Log eliminado: log_actualiza_db_2025-09-29.log (antigüedad: 22 días)
2025-10-21 02:26:08 - INFO - [actualiza_db] - Log eliminado: log_actualiza_db_2025-09-26.log (antigüedad: 25 días)
2025-10-21 02:26:08 - INFO - [actualiza_db] - Log eliminado: log_actualiza_db_2025-10-03.log (antigüedad: 18 días)
2025-10-21 02:26:08 - INFO - [actualiza_db] - Log eliminado: log_actualiza_db_2025-10-04.log (antigüedad: 17 días)
2025-10-21 02:26:08 - INFO - [actualiza_db] - Log eliminado: log_actualiza_db_2025-09-27.log (antigüedad: 24 días)
2025-10-21 02:26:08 - INFO - [actualiza_db] - Log eliminado: log_actualiza_db_2025-09-23.log (antigüedad: 28 días)
2025-10-21 02:26:08 - INFO - [actualiza_db] - Log eliminado: log_actualiza_db_2025-10-01.log (antigüedad: 20 días)
2025-10-21 02:26:08 - INFO - [actualiza_db] - Log eliminado: log_actualiza_db_2025-09-22.log (antigüedad: 29 días)
2025-10-21 02:26:08 - INFO - [actualiza_db] - Log eliminado: log_actualiza_db_2025-09-28.log (antigüedad: 23 días)
2025-10-21 02:26:08 - INFO - [actualiza_db] - Total de logs eliminados: 14
