2025-11-21 02:28:14 - INFO - [actualiza_db] - Inicio del pipeline de actualización INTENTO --> 1
2025-11-21 02:28:14 - INFO - [actualiza_db] - Data existente cargada desde db/db.parquet
2025-11-21 02:28:15 - INFO - [actualiza_db] - Data Bitcoin obtenida correctamente
2025-11-21 02:28:15 - INFO - [actualiza_db] - price_gold obtenido: 4077.699951171875
2025-11-21 02:28:31 - INFO - [actualiza_db] - stock_index_dowjones obtenido: 46138.76953125
2025-11-21 02:28:46 - INFO - [actualiza_db] - stock_index_sp500 obtenido: 6642.16015625
2025-11-21 02:29:01 - INFO - [actualiza_db] - rate_US10Y obtenido: 4.132999897003174
2025-11-21 02:29:16 - INFO - [actualiza_db] - stock_index_ni225 obtenido: 48537.69921875
2025-11-21 02:29:31 - INFO - [actualiza_db] - Data combinada: {'date': datetime.date(2025, 11, 20), 'price': 86582.85101781355, 'total_volume': 99414853180.03673, 'market_cap': 1727338705666.4817, 'price_gold': np.float64(4077.699951171875), 'stock_index_dowjones': np.float64(46138.76953125), 'stock_index_sp500': np.float64(6642.16015625), 'rate_US10Y': np.float64(4.132999897003174), 'stock_index_ni225': np.float64(48537.69921875)}
2025-11-21 02:29:31 - INFO - [actualiza_db] - Data concatenada correctamente
2025-11-21 02:29:31 - INFO - [actualiza_db] - Aplicando estrategia de forward fill
2025-11-21 02:29:31 - INFO - [actualiza_db] - Data actualizada correctamente
2025-11-21 02:29:31 - INFO - [actualiza_db] - Data persistida exitosamente en db/db.parquet
2025-11-21 02:29:31 - INFO - [actualiza_db] - Pipeline completado exitosamente
2025-11-21 02:29:31 - INFO - [actualiza_db] - Log eliminado: log_actualiza_db_2025-09-24.log (antigüedad: 58 días)
2025-11-21 02:29:31 - INFO - [actualiza_db] - Log eliminado: log_actualiza_db_2025-10-08.log (antigüedad: 44 días)
2025-11-21 02:29:31 - INFO - [actualiza_db] - Log eliminado: log_actualiza_db_2025-10-06.log (antigüedad: 46 días)
2025-11-21 02:29:31 - INFO - [actualiza_db] - Log eliminado: log_actualiza_db_2025-10-20.log (antigüedad: 32 días)
2025-11-21 02:29:31 - INFO - [actualiza_db] - Log eliminado: log_actualiza_db_2025-10-13.log (antigüedad: 39 días)
2025-11-21 02:29:31 - INFO - [actualiza_db] - Log eliminado: log_actualiza_db_2025-09-25.log (antigüedad: 57 días)
2025-11-21 02:29:31 - INFO - [actualiza_db] - Log eliminado: log_actualiza_db_2025-11-04.log (antigüedad: 17 días)
2025-11-21 02:29:31 - INFO - [actualiza_db] - Log eliminado: log_actualiza_db_2025-10-25.log (antigüedad: 27 días)
2025-11-21 02:29:31 - INFO - [actualiza_db] - Log eliminado: log_actualiza_db_2025-10-05.log (antigüedad: 47 días)
2025-11-21 02:29:31 - INFO - [actualiza_db] - Log eliminado: log_actualiza_db_2025-10-11.log (antigüedad: 41 días)
2025-11-21 02:29:31 - INFO - [actualiza_db] - Log eliminado: log_actualiza_db_2025-10-28.log (antigüedad: 24 días)
2025-11-21 02:29:31 - INFO - [actualiza_db] - Log eliminado: log_actualiza_db_2025-10-14.log (antigüedad: 38 días)
2025-11-21 02:29:31 - INFO - [actualiza_db] - Log eliminado: log_actualiza_db_2025-10-12.log (antigüedad: 40 días)
2025-11-21 02:29:31 - INFO - [actualiza_db] - Log eliminado: log_actualiza_db_2025-10-31.log (antigüedad: 21 días)
2025-11-21 02:29:31 - INFO - [actualiza_db] - Log eliminado: log_actualiza_db_2025-09-30.log (antigüedad: 52 días)
2025-11-21 02:29:31 - INFO - [actualiza_db] - Log eliminado: log_actualiza_db_2025-10-17.log (antigüedad: 35 días)
2025-11-21 02:29:31 - INFO - [actualiza_db] - Log eliminado: log_actualiza_db_2025-10-02.log (antigüedad: 50 días)
2025-11-21 02:29:31 - INFO - [actualiza_db] - Log eliminado: log_actualiza_db_2025-10-22.log (antigüedad: 30 días)
2025-11-21 02:29:31 - INFO - [actualiza_db] - Log eliminado: log_actualiza_db_2025-09-29.log (antigüedad: 53 días)
2025-11-21 02:29:31 - INFO - [actualiza_db] - Log eliminado: log_actualiza_db_2025-10-27.log (antigüedad: 25 días)
2025-11-21 02:29:31 - INFO - [actualiza_db] - Log eliminado: log_actualiza_db_2025-10-29.log (antigüedad: 23 días)
2025-11-21 02:29:31 - INFO - [actualiza_db] - Log eliminado: log_actualiza_db_2025-09-26.log (antigüedad: 56 días)
2025-11-21 02:29:31 - INFO - [actualiza_db] - Log eliminado: log_actualiza_db_2025-10-03.log (antigüedad: 49 días)
2025-11-21 02:29:31 - INFO - [actualiza_db] - Log eliminado: log_actualiza_db_2025-10-23.log (antigüedad: 29 días)
2025-11-21 02:29:31 - INFO - [actualiza_db] - Log eliminado: log_actualiza_db_2025-10-04.log (antigüedad: 48 días)
2025-11-21 02:29:31 - INFO - [actualiza_db] - Log eliminado: log_actualiza_db_2025-10-26.log (antigüedad: 26 días)
2025-11-21 02:29:31 - INFO - [actualiza_db] - Log eliminado: log_actualiza_db_2025-10-16.log (antigüedad: 36 días)
2025-11-21 02:29:31 - INFO - [actualiza_db] - Log eliminado: log_actualiza_db_2025-10-09.log (antigüedad: 43 días)
2025-11-21 02:29:31 - INFO - [actualiza_db] - Log eliminado: log_actualiza_db_2025-11-03.log (antigüedad: 18 días)
2025-11-21 02:29:31 - INFO - [actualiza_db] - Log eliminado: log_actualiza_db_2025-11-05.log (antigüedad: 16 días)
2025-11-21 02:29:31 - INFO - [actualiza_db] - Log eliminado: log_actualiza_db_2025-09-27.log (antigüedad: 55 días)
2025-11-21 02:29:31 - INFO - [actualiza_db] - Log eliminado: log_actualiza_db_2025-10-21.log (antigüedad: 31 días)
2025-11-21 02:29:31 - INFO - [actualiza_db] - Log eliminado: log_actualiza_db_2025-11-01.log (antigüedad: 20 días)
2025-11-21 02:29:31 - INFO - [actualiza_db] - Log eliminado: log_actualiza_db_2025-09-23.log (antigüedad: 59 días)
2025-11-21 02:29:31 - INFO - [actualiza_db] - Log eliminado: log_actualiza_db_2025-10-01.log (antigüedad: 51 días)
2025-11-21 02:29:31 - INFO - [actualiza_db] - Log eliminado: log_actualiza_db_2025-10-24.log (antigüedad: 28 días)
2025-11-21 02:29:31 - INFO - [actualiza_db] - Log eliminado: log_actualiza_db_2025-10-15.log (antigüedad: 37 días)
2025-11-21 02:29:31 - INFO - [actualiza_db] - Log eliminado: log_actualiza_db_2025-10-10.log (antigüedad: 42 días)
2025-11-21 02:29:31 - INFO - [actualiza_db] - Log eliminado: log_actualiza_db_2025-09-22.log (antigüedad: 60 días)
2025-11-21 02:29:31 - INFO - [actualiza_db] - Log eliminado: log_actualiza_db_2025-10-07.log (antigüedad: 45 días)
2025-11-21 02:29:31 - INFO - [actualiza_db] - Log eliminado: log_actualiza_db_2025-11-02.log (antigüedad: 19 días)
2025-11-21 02:29:31 - INFO - [actualiza_db] - Log eliminado: log_actualiza_db_2025-10-30.log (antigüedad: 22 días)
2025-11-21 02:29:31 - INFO - [actualiza_db] - Log eliminado: log_actualiza_db_2025-09-28.log (antigüedad: 54 días)
2025-11-21 02:29:31 - INFO - [actualiza_db] - Log eliminado: log_actualiza_db_2025-10-18.log (antigüedad: 34 días)
2025-11-21 02:29:31 - INFO - [actualiza_db] - Log eliminado: log_actualiza_db_2025-10-19.log (antigüedad: 33 días)
2025-11-21 02:29:31 - INFO - [actualiza_db] - Total de logs eliminados: 45
