2026-01-16 02:57:05 - INFO - [actualiza_db] - Inicio del pipeline de actualización INTENTO --> 1
2026-01-16 02:57:05 - INFO - [actualiza_db] - Data existente cargada desde db/db.parquet
2026-01-16 02:57:06 - INFO - [actualiza_db] - Data Bitcoin obtenida correctamente
2026-01-16 02:57:06 - INFO - [actualiza_db] - price_gold obtenido: 4626.2998046875
2026-01-16 02:57:21 - INFO - [actualiza_db] - stock_index_dowjones obtenido: 49149.62890625
2026-01-16 02:57:36 - INFO - [actualiza_db] - stock_index_sp500 obtenido: 6926.60009765625
2026-01-16 02:57:51 - INFO - [actualiza_db] - rate_US10Y obtenido: 4.139999866485596
2026-01-16 02:58:06 - INFO - [actualiza_db] - stock_index_ni225 obtenido: 54341.23046875
2026-01-16 02:58:21 - INFO - [actualiza_db] - Data combinada: {'date': datetime.date(2026, 1, 15), 'price': 95487.22160661806, 'total_volume': 56974654680.776665, 'market_cap': 1907452393289.7336, 'price_gold': np.float64(4626.2998046875), 'stock_index_dowjones': np.float64(49149.62890625), 'stock_index_sp500': np.float64(6926.60009765625), 'rate_US10Y': np.float64(4.139999866485596), 'stock_index_ni225': np.float64(54341.23046875)}
2026-01-16 02:58:21 - INFO - [actualiza_db] - Data concatenada correctamente
2026-01-16 02:58:21 - INFO - [actualiza_db] - Aplicando estrategia de forward fill
2026-01-16 02:58:21 - INFO - [actualiza_db] - Data actualizada correctamente
2026-01-16 02:58:21 - INFO - [actualiza_db] - Data persistida exitosamente en db/db.parquet
2026-01-16 02:58:21 - INFO - [actualiza_db] - Pipeline completado exitosamente
2026-01-16 02:58:21 - INFO - [actualiza_db] - Log eliminado: log_actualiza_db_2025-09-24.log (antigüedad: 114 días)
2026-01-16 02:58:21 - INFO - [actualiza_db] - Log eliminado: log_actualiza_db_2025-10-08.log (antigüedad: 100 días)
2026-01-16 02:58:21 - INFO - [actualiza_db] - Log eliminado: log_actualiza_db_2025-10-06.log (antigüedad: 102 días)
2026-01-16 02:58:21 - INFO - [actualiza_db] - Log eliminado: log_actualiza_db_2025-12-11.log (antigüedad: 36 días)
2026-01-16 02:58:21 - INFO - [actualiza_db] - Log eliminado: log_actualiza_db_2025-10-20.log (antigüedad: 88 días)
2026-01-16 02:58:21 - INFO - [actualiza_db] - Log eliminado: log_actualiza_db_2025-12-20.log (antigüedad: 27 días)
2026-01-16 02:58:21 - INFO - [actualiza_db] - Log eliminado: log_actualiza_db_2025-10-13.log (antigüedad: 95 días)
2026-01-16 02:58:21 - INFO - [actualiza_db] - Log eliminado: log_actualiza_db_2025-09-25.log (antigüedad: 113 días)
2026-01-16 02:58:21 - INFO - [actualiza_db] - Log eliminado: log_actualiza_db_2025-11-13.log (antigüedad: 64 días)
2026-01-16 02:58:21 - INFO - [actualiza_db] - Log eliminado: log_actualiza_db_2025-12-08.log (antigüedad: 39 días)
2026-01-16 02:58:21 - INFO - [actualiza_db] - Log eliminado: log_actualiza_db_2025-11-09.log (antigüedad: 68 días)
2026-01-16 02:58:21 - INFO - [actualiza_db] - Log eliminado: log_actualiza_db_2025-11-04.log (antigüedad: 73 días)
2026-01-16 02:58:21 - INFO - [actualiza_db] - Log eliminado: log_actualiza_db_2025-12-14.log (antigüedad: 33 días)
2026-01-16 02:58:21 - INFO - [actualiza_db] - Log eliminado: log_actualiza_db_2025-11-17.log (antigüedad: 60 días)
2026-01-16 02:58:21 - INFO - [actualiza_db] - Log eliminado: log_actualiza_db_2025-10-25.log (antigüedad: 83 días)
2026-01-16 02:58:21 - INFO - [actualiza_db] - Log eliminado: log_actualiza_db_2025-11-28.log (antigüedad: 49 días)
2026-01-16 02:58:21 - INFO - [actualiza_db] - Log eliminado: log_actualiza_db_2025-12-17.log (antigüedad: 30 días)
2026-01-16 02:58:21 - INFO - [actualiza_db] - Log eliminado: log_actualiza_db_2025-10-05.log (antigüedad: 103 días)
2026-01-16 02:58:21 - INFO - [actualiza_db] - Log eliminado: log_actualiza_db_2025-12-10.log (antigüedad: 37 días)
2026-01-16 02:58:21 - INFO - [actualiza_db] - Log eliminado: log_actualiza_db_2025-10-11.log (antigüedad: 97 días)
2026-01-16 02:58:21 - INFO - [actualiza_db] - Log eliminado: log_actualiza_db_2025-10-28.log (antigüedad: 80 días)
2026-01-16 02:58:21 - INFO - [actualiza_db] - Log eliminado: log_actualiza_db_2025-10-14.log (antigüedad: 94 días)
2026-01-16 02:58:21 - INFO - [actualiza_db] - Log eliminado: log_actualiza_db_2025-10-12.log (antigüedad: 96 días)
2026-01-16 02:58:21 - INFO - [actualiza_db] - Log eliminado: log_actualiza_db_2025-11-16.log (antigüedad: 61 días)
2026-01-16 02:58:21 - INFO - [actualiza_db] - Log eliminado: log_actualiza_db_2025-11-07.log (antigüedad: 70 días)
2026-01-16 02:58:21 - INFO - [actualiza_db] - Log eliminado: log_actualiza_db_2025-10-31.log (antigüedad: 77 días)
2026-01-16 02:58:21 - INFO - [actualiza_db] - Log eliminado: log_actualiza_db_2025-09-30.log (antigüedad: 108 días)
2026-01-16 02:58:21 - INFO - [actualiza_db] - Log eliminado: log_actualiza_db_2025-10-17.log (antigüedad: 91 días)
2026-01-16 02:58:21 - INFO - [actualiza_db] - Log eliminado: log_actualiza_db_2025-10-02.log (antigüedad: 106 días)
2026-01-16 02:58:21 - INFO - [actualiza_db] - Log eliminado: log_actualiza_db_2025-11-29.log (antigüedad: 48 días)
2026-01-16 02:58:21 - INFO - [actualiza_db] - Log eliminado: log_actualiza_db_2025-11-12.log (antigüedad: 65 días)
2026-01-16 02:58:21 - INFO - [actualiza_db] - Log eliminado: log_actualiza_db_2025-11-23.log (antigüedad: 54 días)
2026-01-16 02:58:21 - INFO - [actualiza_db] - Log eliminado: log_actualiza_db_2025-11-21.log (antigüedad: 56 días)
2026-01-16 02:58:21 - INFO - [actualiza_db] - Log eliminado: log_actualiza_db_2025-10-22.log (antigüedad: 86 días)
2026-01-16 02:58:21 - INFO - [actualiza_db] - Log eliminado: log_actualiza_db_2025-09-29.log (antigüedad: 109 días)
2026-01-16 02:58:21 - INFO - [actualiza_db] - Log eliminado: log_actualiza_db_2025-11-27.log (antigüedad: 50 días)
2026-01-16 02:58:21 - INFO - [actualiza_db] - Log eliminado: log_actualiza_db_2025-12-02.log (antigüedad: 45 días)
2026-01-16 02:58:21 - INFO - [actualiza_db] - Log eliminado: log_actualiza_db_2025-10-27.log (antigüedad: 81 días)
2026-01-16 02:58:21 - INFO - [actualiza_db] - Log eliminado: log_actualiza_db_2025-10-29.log (antigüedad: 79 días)
2026-01-16 02:58:21 - INFO - [actualiza_db] - Log eliminado: log_actualiza_db_2025-11-24.log (antigüedad: 53 días)
2026-01-16 02:58:21 - INFO - [actualiza_db] - Log eliminado: log_actualiza_db_2025-11-20.log (antigüedad: 57 días)
2026-01-16 02:58:21 - INFO - [actualiza_db] - Log eliminado: log_actualiza_db_2025-09-26.log (antigüedad: 112 días)
2026-01-16 02:58:21 - INFO - [actualiza_db] - Log eliminado: log_actualiza_db_2025-10-03.log (antigüedad: 105 días)
2026-01-16 02:58:21 - INFO - [actualiza_db] - Log eliminado: log_actualiza_db_2025-10-23.log (antigüedad: 85 días)
2026-01-16 02:58:21 - INFO - [actualiza_db] - Log eliminado: log_actualiza_db_2025-12-23.log (antigüedad: 24 días)
2026-01-16 02:58:21 - INFO - [actualiza_db] - Log eliminado: log_actualiza_db_2025-11-08.log (antigüedad: 69 días)
2026-01-16 02:58:21 - INFO - [actualiza_db] - Log eliminado: log_actualiza_db_2025-11-11.log (antigüedad: 66 días)
2026-01-16 02:58:21 - INFO - [actualiza_db] - Log eliminado: log_actualiza_db_2025-12-03.log (antigüedad: 44 días)
2026-01-16 02:58:21 - INFO - [actualiza_db] - Log eliminado: log_actualiza_db_2025-11-15.log (antigüedad: 62 días)
2026-01-16 02:58:21 - INFO - [actualiza_db] - Log eliminado: log_actualiza_db_2025-11-26.log (antigüedad: 51 días)
2026-01-16 02:58:21 - INFO - [actualiza_db] - Log eliminado: log_actualiza_db_2025-10-04.log (antigüedad: 104 días)
2026-01-16 02:58:21 - INFO - [actualiza_db] - Log eliminado: log_actualiza_db_2025-11-06.log (antigüedad: 71 días)
2026-01-16 02:58:21 - INFO - [actualiza_db] - Log eliminado: log_actualiza_db_2025-10-26.log (antigüedad: 82 días)
2026-01-16 02:58:21 - INFO - [actualiza_db] - Log eliminado: log_actualiza_db_2025-10-16.log (antigüedad: 92 días)
2026-01-16 02:58:21 - INFO - [actualiza_db] - Log eliminado: log_actualiza_db_2025-10-09.log (antigüedad: 99 días)
2026-01-16 02:58:21 - INFO - [actualiza_db] - Log eliminado: log_actualiza_db_2025-12-05.log (antigüedad: 42 días)
2026-01-16 02:58:21 - INFO - [actualiza_db] - Log eliminado: log_actualiza_db_2025-12-24.log (antigüedad: 23 días)
2026-01-16 02:58:21 - INFO - [actualiza_db] - Log eliminado: log_actualiza_db_2025-12-21.log (antigüedad: 26 días)
2026-01-16 02:58:21 - INFO - [actualiza_db] - Log eliminado: log_actualiza_db_2025-11-22.log (antigüedad: 55 días)
2026-01-16 02:58:21 - INFO - [actualiza_db] - Log eliminado: log_actualiza_db_2025-12-16.log (antigüedad: 31 días)
2026-01-16 02:58:21 - INFO - [actualiza_db] - Log eliminado: log_actualiza_db_2025-11-03.log (antigüedad: 74 días)
2026-01-16 02:58:21 - INFO - [actualiza_db] - Log eliminado: log_actualiza_db_2025-11-25.log (antigüedad: 52 días)
2026-01-16 02:58:21 - INFO - [actualiza_db] - Log eliminado: log_actualiza_db_2025-12-29.log (antigüedad: 18 días)
2026-01-16 02:58:21 - INFO - [actualiza_db] - Log eliminado: log_actualiza_db_2025-11-05.log (antigüedad: 72 días)
2026-01-16 02:58:21 - INFO - [actualiza_db] - Log eliminado: log_actualiza_db_2025-12-04.log (antigüedad: 43 días)
2026-01-16 02:58:21 - INFO - [actualiza_db] - Log eliminado: log_actualiza_db_2025-09-27.log (antigüedad: 111 días)
2026-01-16 02:58:21 - INFO - [actualiza_db] - Log eliminado: log_actualiza_db_2025-10-21.log (antigüedad: 87 días)
2026-01-16 02:58:21 - INFO - [actualiza_db] - Log eliminado: log_actualiza_db_2025-11-01.log (antigüedad: 76 días)
2026-01-16 02:58:21 - INFO - [actualiza_db] - Log eliminado: log_actualiza_db_2025-12-28.log (antigüedad: 19 días)
2026-01-16 02:58:21 - INFO - [actualiza_db] - Log eliminado: log_actualiza_db_2025-11-18.log (antigüedad: 59 días)
2026-01-16 02:58:21 - INFO - [actualiza_db] - Log eliminado: log_actualiza_db_2025-09-23.log (antigüedad: 115 días)
2026-01-16 02:58:21 - INFO - [actualiza_db] - Log eliminado: log_actualiza_db_2025-12-09.log (antigüedad: 38 días)
2026-01-16 02:58:21 - INFO - [actualiza_db] - Log eliminado: log_actualiza_db_2025-10-01.log (antigüedad: 107 días)
2026-01-16 02:58:21 - INFO - [actualiza_db] - Log eliminado: log_actualiza_db_2025-12-06.log (antigüedad: 41 días)
2026-01-16 02:58:21 - INFO - [actualiza_db] - Log eliminado: log_actualiza_db_2025-12-19.log (antigüedad: 28 días)
2026-01-16 02:58:21 - INFO - [actualiza_db] - Log eliminado: log_actualiza_db_2025-11-14.log (antigüedad: 63 días)
2026-01-16 02:58:21 - INFO - [actualiza_db] - Log eliminado: log_actualiza_db_2025-12-31.log (antigüedad: 16 días)
2026-01-16 02:58:21 - INFO - [actualiza_db] - Log eliminado: log_actualiza_db_2025-12-27.log (antigüedad: 20 días)
2026-01-16 02:58:21 - INFO - [actualiza_db] - Log eliminado: log_actualiza_db_2025-10-24.log (antigüedad: 84 días)
2026-01-16 02:58:21 - INFO - [actualiza_db] - Log eliminado: log_actualiza_db_2025-11-10.log (antigüedad: 67 días)
2026-01-16 02:58:21 - INFO - [actualiza_db] - Log eliminado: log_actualiza_db_2025-12-15.log (antigüedad: 32 días)
2026-01-16 02:58:21 - INFO - [actualiza_db] - Log eliminado: log_actualiza_db_2025-12-26.log (antigüedad: 21 días)
2026-01-16 02:58:21 - INFO - [actualiza_db] - Log eliminado: log_actualiza_db_2025-10-15.log (antigüedad: 93 días)
2026-01-16 02:58:21 - INFO - [actualiza_db] - Log eliminado: log_actualiza_db_2025-12-07.log (antigüedad: 40 días)
2026-01-16 02:58:21 - INFO - [actualiza_db] - Log eliminado: log_actualiza_db_2025-11-19.log (antigüedad: 58 días)
2026-01-16 02:58:21 - INFO - [actualiza_db] - Log eliminado: log_actualiza_db_2025-10-10.log (antigüedad: 98 días)
2026-01-16 02:58:21 - INFO - [actualiza_db] - Log eliminado: log_actualiza_db_2025-11-30.log (antigüedad: 47 días)
2026-01-16 02:58:21 - INFO - [actualiza_db] - Log eliminado: log_actualiza_db_2025-09-22.log (antigüedad: 116 días)
2026-01-16 02:58:21 - INFO - [actualiza_db] - Log eliminado: log_actualiza_db_2025-12-18.log (antigüedad: 29 días)
2026-01-16 02:58:21 - INFO - [actualiza_db] - Log eliminado: log_actualiza_db_2025-10-07.log (antigüedad: 101 días)
2026-01-16 02:58:21 - INFO - [actualiza_db] - Log eliminado: log_actualiza_db_2025-12-30.log (antigüedad: 17 días)
2026-01-16 02:58:21 - INFO - [actualiza_db] - Log eliminado: log_actualiza_db_2025-11-02.log (antigüedad: 75 días)
2026-01-16 02:58:21 - INFO - [actualiza_db] - Log eliminado: log_actualiza_db_2025-10-30.log (antigüedad: 78 días)
2026-01-16 02:58:21 - INFO - [actualiza_db] - Log eliminado: log_actualiza_db_2025-09-28.log (antigüedad: 110 días)
2026-01-16 02:58:21 - INFO - [actualiza_db] - Log eliminado: log_actualiza_db_2025-12-12.log (antigüedad: 35 días)
2026-01-16 02:58:21 - INFO - [actualiza_db] - Log eliminado: log_actualiza_db_2025-12-25.log (antigüedad: 22 días)
2026-01-16 02:58:21 - INFO - [actualiza_db] - Log eliminado: log_actualiza_db_2025-12-01.log (antigüedad: 46 días)
2026-01-16 02:58:21 - INFO - [actualiza_db] - Log eliminado: log_actualiza_db_2025-12-13.log (antigüedad: 34 días)
2026-01-16 02:58:21 - INFO - [actualiza_db] - Log eliminado: log_actualiza_db_2025-10-18.log (antigüedad: 90 días)
2026-01-16 02:58:21 - INFO - [actualiza_db] - Log eliminado: log_actualiza_db_2025-10-19.log (antigüedad: 89 días)
2026-01-16 02:58:21 - INFO - [actualiza_db] - Log eliminado: log_actualiza_db_2025-12-22.log (antigüedad: 25 días)
2026-01-16 02:58:21 - INFO - [actualiza_db] - Total de logs eliminados: 101
