2026-07-17 03:56:58 - INFO - [actualiza_db] - Inicio del pipeline de actualización INTENTO --> 1
2026-07-17 03:56:58 - INFO - [actualiza_db] - Data existente cargada desde db/db.parquet
2026-07-17 03:56:59 - INFO - [actualiza_db] - Data Bitcoin obtenida correctamente
2026-07-17 03:57:00 - INFO - [actualiza_db] - price_gold obtenido: 4044.0
2026-07-17 03:57:15 - INFO - [actualiza_db] - stock_index_dowjones obtenido: 52658.640625
2026-07-17 03:57:30 - INFO - [actualiza_db] - stock_index_sp500 obtenido: 7572.39990234375
2026-07-17 03:57:46 - INFO - [actualiza_db] - rate_US10Y obtenido: 4.545000076293945
2026-07-17 03:58:01 - INFO - [actualiza_db] - stock_index_ni225 obtenido: 68751.5078125
2026-07-17 03:58:16 - INFO - [actualiza_db] - Data combinada: {'date': datetime.date(2026, 7, 16), 'price': 63532.371202731236, 'total_volume': 28672948538.193798, 'market_cap': 1274289642815.4502, 'price_gold': np.float64(4044.0), 'stock_index_dowjones': np.float64(52658.640625), 'stock_index_sp500': np.float64(7572.39990234375), 'rate_US10Y': np.float64(4.545000076293945), 'stock_index_ni225': np.float64(68751.5078125)}
2026-07-17 03:58:16 - INFO - [actualiza_db] - Data concatenada correctamente
2026-07-17 03:58:16 - INFO - [actualiza_db] - Aplicando estrategia de forward fill
2026-07-17 03:58:16 - INFO - [actualiza_db] - Data actualizada correctamente
2026-07-17 03:58:16 - INFO - [actualiza_db] - Data persistida exitosamente en db/db.parquet
2026-07-17 03:58:16 - INFO - [actualiza_db] - Pipeline completado exitosamente
2026-07-17 03:58:16 - INFO - [actualiza_db] - Log eliminado: log_actualiza_db_2026-03-10.log (antigüedad: 129 días)
2026-07-17 03:58:16 - INFO - [actualiza_db] - Log eliminado: log_actualiza_db_2025-11-22.log (antigüedad: 237 días)
2026-07-17 03:58:16 - INFO - [actualiza_db] - Log eliminado: log_actualiza_db_2026-02-18.log (antigüedad: 149 días)
2026-07-17 03:58:16 - INFO - [actualiza_db] - Log eliminado: log_actualiza_db_2025-11-20.log (antigüedad: 239 días)
2026-07-17 03:58:16 - INFO - [actualiza_db] - Log eliminado: log_actualiza_db_2026-01-17.log (antigüedad: 181 días)
2026-07-17 03:58:16 - INFO - [actualiza_db] - Log eliminado: log_actualiza_db_2026-05-01.log (antigüedad: 77 días)
2026-07-17 03:58:16 - INFO - [actualiza_db] - Log eliminado: log_actualiza_db_2026-02-02.log (antigüedad: 165 días)
2026-07-17 03:58:16 - INFO - [actualiza_db] - Log eliminado: log_actualiza_db_2026-06-15.log (antigüedad: 32 días)
2026-07-17 03:58:16 - INFO - [actualiza_db] - Log eliminado: log_actualiza_db_2026-03-05.log (antigüedad: 134 días)
2026-07-17 03:58:16 - INFO - [actualiza_db] - Log eliminado: log_actualiza_db_2025-10-24.log (antigüedad: 266 días)
2026-07-17 03:58:16 - INFO - [actualiza_db] - Log eliminado: log_actualiza_db_2026-05-29.log (antigüedad: 49 días)
2026-07-17 03:58:16 - INFO - [actualiza_db] - Log eliminado: log_actualiza_db_2025-12-19.log (antigüedad: 210 días)
2026-07-17 03:58:16 - INFO - [actualiza_db] - Log eliminado: log_actualiza_db_2025-12-14.log (antigüedad: 215 días)
2026-07-17 03:58:16 - INFO - [actualiza_db] - Log eliminado: log_actualiza_db_2026-02-08.log (antigüedad: 159 días)
2026-07-17 03:58:16 - INFO - [actualiza_db] - Log eliminado: log_actualiza_db_2026-02-11.log (antigüedad: 156 días)
2026-07-17 03:58:16 - INFO - [actualiza_db] - Log eliminado: log_actualiza_db_2025-11-14.log (antigüedad: 245 días)
2026-07-17 03:58:16 - INFO - [actualiza_db] - Log eliminado: log_actualiza_db_2026-05-13.log (antigüedad: 65 días)
2026-07-17 03:58:16 - INFO - [actualiza_db] - Log eliminado: log_actualiza_db_2026-06-02.log (antigüedad: 45 días)
2026-07-17 03:58:16 - INFO - [actualiza_db] - Log eliminado: log_actualiza_db_2026-06-26.log (antigüedad: 21 días)
2026-07-17 03:58:16 - INFO - [actualiza_db] - Log eliminado: log_actualiza_db_2025-12-12.log (antigüedad: 217 días)
2026-07-17 03:58:16 - INFO - [actualiza_db] - Log eliminado: log_actualiza_db_2026-02-09.log (antigüedad: 158 días)
2026-07-17 03:58:16 - INFO - [actualiza_db] - Log eliminado: log_actualiza_db_2026-02-21.log (antigüedad: 146 días)
2026-07-17 03:58:16 - INFO - [actualiza_db] - Log eliminado: log_actualiza_db_2026-01-04.log (antigüedad: 194 días)
2026-07-17 03:58:16 - INFO - [actualiza_db] - Log eliminado: log_actualiza_db_2026-01-27.log (antigüedad: 171 días)
2026-07-17 03:58:16 - INFO - [actualiza_db] - Log eliminado: log_actualiza_db_2026-01-19.log (antigüedad: 179 días)
2026-07-17 03:58:16 - INFO - [actualiza_db] - Log eliminado: log_actualiza_db_2025-12-25.log (antigüedad: 204 días)
2026-07-17 03:58:16 - INFO - [actualiza_db] - Log eliminado: log_actualiza_db_2026-02-12.log (antigüedad: 155 días)
2026-07-17 03:58:16 - INFO - [actualiza_db] - Log eliminado: log_actualiza_db_2026-05-10.log (antigüedad: 68 días)
2026-07-17 03:58:16 - INFO - [actualiza_db] - Log eliminado: log_actualiza_db_2025-10-18.log (antigüedad: 272 días)
2026-07-17 03:58:16 - INFO - [actualiza_db] - Log eliminado: log_actualiza_db_2025-12-06.log (antigüedad: 223 días)
2026-07-17 03:58:16 - INFO - [actualiza_db] - Log eliminado: log_actualiza_db_2025-10-26.log (antigüedad: 264 días)
2026-07-17 03:58:16 - INFO - [actualiza_db] - Log eliminado: log_actualiza_db_2025-12-18.log (antigüedad: 211 días)
2026-07-17 03:58:16 - INFO - [actualiza_db] - Log eliminado: log_actualiza_db_2026-03-06.log (antigüedad: 133 días)
2026-07-17 03:58:16 - INFO - [actualiza_db] - Log eliminado: log_actualiza_db_2026-03-23.log (antigüedad: 116 días)
2026-07-17 03:58:16 - INFO - [actualiza_db] - Log eliminado: log_actualiza_db_2026-03-16.log (antigüedad: 123 días)
2026-07-17 03:58:16 - INFO - [actualiza_db] - Log eliminado: log_actualiza_db_2025-12-15.log (antigüedad: 214 días)
2026-07-17 03:58:16 - INFO - [actualiza_db] - Log eliminado: log_actualiza_db_2025-10-09.log (antigüedad: 281 días)
2026-07-17 03:58:16 - INFO - [actualiza_db] - Log eliminado: log_actualiza_db_2025-11-05.log (antigüedad: 254 días)
2026-07-17 03:58:16 - INFO - [actualiza_db] - Log eliminado: log_actualiza_db_2025-09-22.log (antigüedad: 298 días)
2026-07-17 03:58:16 - INFO - [actualiza_db] - Log eliminado: log_actualiza_db_2026-02-23.log (antigüedad: 144 días)
2026-07-17 03:58:16 - INFO - [actualiza_db] - Log eliminado: log_actualiza_db_2025-10-10.log (antigüedad: 280 días)
2026-07-17 03:58:16 - INFO - [actualiza_db] - Log eliminado: log_actualiza_db_2026-02-06.log (antigüedad: 161 días)
2026-07-17 03:58:16 - INFO - [actualiza_db] - Log eliminado: log_actualiza_db_2026-04-04.log (antigüedad: 104 días)
2026-07-17 03:58:16 - INFO - [actualiza_db] - Log eliminado: log_actualiza_db_2026-03-18.log (antigüedad: 121 días)
2026-07-17 03:58:16 - INFO - [actualiza_db] - Log eliminado: log_actualiza_db_2026-01-18.log (antigüedad: 180 días)
2026-07-17 03:58:16 - INFO - [actualiza_db] - Log eliminado: log_actualiza_db_2025-10-15.log (antigüedad: 275 días)
2026-07-17 03:58:16 - INFO - [actualiza_db] - Log eliminado: log_actualiza_db_2025-12-20.log (antigüedad: 209 días)
2026-07-17 03:58:16 - INFO - [actualiza_db] - Log eliminado: log_actualiza_db_2025-09-26.log (antigüedad: 294 días)
2026-07-17 03:58:16 - INFO - [actualiza_db] - Log eliminado: log_actualiza_db_2026-04-28.log (antigüedad: 80 días)
2026-07-17 03:58:16 - INFO - [actualiza_db] - Log eliminado: log_actualiza_db_2026-03-09.log (antigüedad: 130 días)
2026-07-17 03:58:16 - INFO - [actualiza_db] - Log eliminado: log_actualiza_db_2026-02-03.log (antigüedad: 164 días)
2026-07-17 03:58:16 - INFO - [actualiza_db] - Log eliminado: log_actualiza_db_2025-10-20.log (antigüedad: 270 días)
2026-07-17 03:58:16 - INFO - [actualiza_db] - Log eliminado: log_actualiza_db_2026-05-25.log (antigüedad: 53 días)
2026-07-17 03:58:16 - INFO - [actualiza_db] - Log eliminado: log_actualiza_db_2025-11-18.log (antigüedad: 241 días)
2026-07-17 03:58:16 - INFO - [actualiza_db] - Log eliminado: log_actualiza_db_2026-02-27.log (antigüedad: 140 días)
2026-07-17 03:58:16 - INFO - [actualiza_db] - Log eliminado: log_actualiza_db_2025-09-23.log (antigüedad: 297 días)
2026-07-17 03:58:16 - INFO - [actualiza_db] - Log eliminado: log_actualiza_db_2026-03-31.log (antigüedad: 108 días)
2026-07-17 03:58:16 - INFO - [actualiza_db] - Log eliminado: log_actualiza_db_2025-10-14.log (antigüedad: 276 días)
2026-07-17 03:58:16 - INFO - [actualiza_db] - Log eliminado: log_actualiza_db_2025-12-04.log (antigüedad: 225 días)
2026-07-17 03:58:16 - INFO - [actualiza_db] - Log eliminado: log_actualiza_db_2026-01-06.log (antigüedad: 192 días)
2026-07-17 03:58:16 - INFO - [actualiza_db] - Log eliminado: log_actualiza_db_2026-06-24.log (antigüedad: 23 días)
2026-07-17 03:58:16 - INFO - [actualiza_db] - Log eliminado: log_actualiza_db_2025-09-29.log (antigüedad: 291 días)
2026-07-17 03:58:16 - INFO - [actualiza_db] - Log eliminado: log_actualiza_db_2026-04-10.log (antigüedad: 98 días)
2026-07-17 03:58:16 - INFO - [actualiza_db] - Log eliminado: log_actualiza_db_2025-11-26.log (antigüedad: 233 días)
2026-07-17 03:58:16 - INFO - [actualiza_db] - Log eliminado: log_actualiza_db_2026-04-09.log (antigüedad: 99 días)
2026-07-17 03:58:16 - INFO - [actualiza_db] - Log eliminado: log_actualiza_db_2025-12-03.log (antigüedad: 226 días)
2026-07-17 03:58:16 - INFO - [actualiza_db] - Log eliminado: log_actualiza_db_2026-03-27.log (antigüedad: 112 días)
2026-07-17 03:58:16 - INFO - [actualiza_db] - Log eliminado: log_actualiza_db_2026-03-17.log (antigüedad: 122 días)
2026-07-17 03:58:16 - INFO - [actualiza_db] - Log eliminado: log_actualiza_db_2026-04-02.log (antigüedad: 106 días)
2026-07-17 03:58:16 - INFO - [actualiza_db] - Log eliminado: log_actualiza_db_2025-12-07.log (antigüedad: 222 días)
2026-07-17 03:58:16 - INFO - [actualiza_db] - Log eliminado: log_actualiza_db_2026-01-13.log (antigüedad: 185 días)
2026-07-17 03:58:16 - INFO - [actualiza_db] - Log eliminado: log_actualiza_db_2025-12-27.log (antigüedad: 202 días)
2026-07-17 03:58:16 - INFO - [actualiza_db] - Log eliminado: log_actualiza_db_2025-11-29.log (antigüedad: 230 días)
2026-07-17 03:58:16 - INFO - [actualiza_db] - Log eliminado: log_actualiza_db_2026-05-14.log (antigüedad: 64 días)
2026-07-17 03:58:16 - INFO - [actualiza_db] - Log eliminado: log_actualiza_db_2026-05-03.log (antigüedad: 75 días)
2026-07-17 03:58:16 - INFO - [actualiza_db] - Log eliminado: log_actualiza_db_2025-12-02.log (antigüedad: 227 días)
2026-07-17 03:58:16 - INFO - [actualiza_db] - Log eliminado: log_actualiza_db_2026-02-17.log (antigüedad: 150 días)
2026-07-17 03:58:16 - INFO - [actualiza_db] - Log eliminado: log_actualiza_db_2025-12-11.log (antigüedad: 218 días)
2026-07-17 03:58:16 - INFO - [actualiza_db] - Log eliminado: log_actualiza_db_2026-01-08.log (antigüedad: 190 días)
2026-07-17 03:58:16 - INFO - [actualiza_db] - Log eliminado: log_actualiza_db_2026-02-16.log (antigüedad: 151 días)
2026-07-17 03:58:16 - INFO - [actualiza_db] - Log eliminado: log_actualiza_db_2025-11-23.log (antigüedad: 236 días)
2026-07-17 03:58:16 - INFO - [actualiza_db] - Log eliminado: log_actualiza_db_2025-11-27.log (antigüedad: 232 días)
2026-07-17 03:58:16 - INFO - [actualiza_db] - Log eliminado: log_actualiza_db_2026-02-20.log (antigüedad: 147 días)
2026-07-17 03:58:16 - INFO - [actualiza_db] - Log eliminado: log_actualiza_db_2026-07-01.log (antigüedad: 16 días)
2026-07-17 03:58:16 - INFO - [actualiza_db] - Log eliminado: log_actualiza_db_2026-01-07.log (antigüedad: 191 días)
2026-07-17 03:58:16 - INFO - [actualiza_db] - Log eliminado: log_actualiza_db_2026-06-29.log (antigüedad: 18 días)
2026-07-17 03:58:16 - INFO - [actualiza_db] - Log eliminado: log_actualiza_db_2025-10-23.log (antigüedad: 267 días)
2026-07-17 03:58:16 - INFO - [actualiza_db] - Log eliminado: log_actualiza_db_2026-04-13.log (antigüedad: 95 días)
2026-07-17 03:58:16 - INFO - [actualiza_db] - Log eliminado: log_actualiza_db_2026-02-28.log (antigüedad: 139 días)
2026-07-17 03:58:16 - INFO - [actualiza_db] - Log eliminado: log_actualiza_db_2025-11-30.log (antigüedad: 229 días)
2026-07-17 03:58:16 - INFO - [actualiza_db] - Log eliminado: log_actualiza_db_2026-05-09.log (antigüedad: 69 días)
2026-07-17 03:58:16 - INFO - [actualiza_db] - Log eliminado: log_actualiza_db_2026-05-28.log (antigüedad: 50 días)
2026-07-17 03:58:16 - INFO - [actualiza_db] - Log eliminado: log_actualiza_db_2026-05-24.log (antigüedad: 54 días)
2026-07-17 03:58:16 - INFO - [actualiza_db] - Log eliminado: log_actualiza_db_2026-04-03.log (antigüedad: 105 días)
2026-07-17 03:58:16 - INFO - [actualiza_db] - Log eliminado: log_actualiza_db_2026-02-19.log (antigüedad: 148 días)
2026-07-17 03:58:16 - INFO - [actualiza_db] - Log eliminado: log_actualiza_db_2026-03-07.log (antigüedad: 132 días)
2026-07-17 03:58:16 - INFO - [actualiza_db] - Log eliminado: log_actualiza_db_2025-10-31.log (antigüedad: 259 días)
2026-07-17 03:58:16 - INFO - [actualiza_db] - Log eliminado: log_actualiza_db_2026-01-10.log (antigüedad: 188 días)
2026-07-17 03:58:16 - INFO - [actualiza_db] - Log eliminado: log_actualiza_db_2025-10-29.log (antigüedad: 261 días)
2026-07-17 03:58:16 - INFO - [actualiza_db] - Log eliminado: log_actualiza_db_2025-11-15.log (antigüedad: 244 días)
2026-07-17 03:58:16 - INFO - [actualiza_db] - Log eliminado: log_actualiza_db_2026-01-02.log (antigüedad: 196 días)
2026-07-17 03:58:16 - INFO - [actualiza_db] - Log eliminado: log_actualiza_db_2026-03-22.log (antigüedad: 117 días)
2026-07-17 03:58:16 - INFO - [actualiza_db] - Log eliminado: log_actualiza_db_2026-06-22.log (antigüedad: 25 días)
2026-07-17 03:58:16 - INFO - [actualiza_db] - Log eliminado: log_actualiza_db_2026-06-10.log (antigüedad: 37 días)
2026-07-17 03:58:16 - INFO - [actualiza_db] - Log eliminado: log_actualiza_db_2025-12-24.log (antigüedad: 205 días)
2026-07-17 03:58:16 - INFO - [actualiza_db] - Log eliminado: log_actualiza_db_2025-11-01.log (antigüedad: 258 días)
2026-07-17 03:58:16 - INFO - [actualiza_db] - Log eliminado: log_actualiza_db_2026-03-29.log (antigüedad: 110 días)
2026-07-17 03:58:16 - INFO - [actualiza_db] - Log eliminado: log_actualiza_db_2026-01-31.log (antigüedad: 167 días)
2026-07-17 03:58:16 - INFO - [actualiza_db] - Log eliminado: log_actualiza_db_2026-04-01.log (antigüedad: 107 días)
2026-07-17 03:58:16 - INFO - [actualiza_db] - Log eliminado: log_actualiza_db_2026-02-01.log (antigüedad: 166 días)
2026-07-17 03:58:16 - INFO - [actualiza_db] - Log eliminado: log_actualiza_db_2026-06-19.log (antigüedad: 28 días)
2026-07-17 03:58:16 - INFO - [actualiza_db] - Log eliminado: log_actualiza_db_2026-06-23.log (antigüedad: 24 días)
2026-07-17 03:58:16 - INFO - [actualiza_db] - Log eliminado: log_actualiza_db_2026-05-15.log (antigüedad: 63 días)
2026-07-17 03:58:16 - INFO - [actualiza_db] - Log eliminado: log_actualiza_db_2025-12-28.log (antigüedad: 201 días)
2026-07-17 03:58:16 - INFO - [actualiza_db] - Log eliminado: log_actualiza_db_2026-04-21.log (antigüedad: 87 días)
2026-07-17 03:58:16 - INFO - [actualiza_db] - Log eliminado: log_actualiza_db_2025-12-17.log (antigüedad: 212 días)
2026-07-17 03:58:16 - INFO - [actualiza_db] - Log eliminado: log_actualiza_db_2026-05-30.log (antigüedad: 48 días)
2026-07-17 03:58:16 - INFO - [actualiza_db] - Log eliminado: log_actualiza_db_2026-05-26.log (antigüedad: 52 días)
2026-07-17 03:58:16 - INFO - [actualiza_db] - Log eliminado: log_actualiza_db_2025-12-30.log (antigüedad: 199 días)
2026-07-17 03:58:16 - INFO - [actualiza_db] - Log eliminado: log_actualiza_db_2026-05-20.log (antigüedad: 58 días)
2026-07-17 03:58:16 - INFO - [actualiza_db] - Log eliminado: log_actualiza_db_2026-04-29.log (antigüedad: 79 días)
2026-07-17 03:58:16 - INFO - [actualiza_db] - Log eliminado: log_actualiza_db_2025-11-04.log (antigüedad: 255 días)
2026-07-17 03:58:16 - INFO - [actualiza_db] - Log eliminado: log_actualiza_db_2026-02-15.log (antigüedad: 152 días)
2026-07-17 03:58:16 - INFO - [actualiza_db] - Log eliminado: log_actualiza_db_2026-04-11.log (antigüedad: 97 días)
2026-07-17 03:58:16 - INFO - [actualiza_db] - Log eliminado: log_actualiza_db_2025-12-16.log (antigüedad: 213 días)
2026-07-17 03:58:16 - INFO - [actualiza_db] - Log eliminado: log_actualiza_db_2026-06-06.log (antigüedad: 41 días)
2026-07-17 03:58:16 - INFO - [actualiza_db] - Log eliminado: log_actualiza_db_2025-11-02.log (antigüedad: 257 días)
2026-07-17 03:58:16 - INFO - [actualiza_db] - Log eliminado: log_actualiza_db_2026-03-13.log (antigüedad: 126 días)
2026-07-17 03:58:16 - INFO - [actualiza_db] - Log eliminado: log_actualiza_db_2026-02-22.log (antigüedad: 145 días)
2026-07-17 03:58:16 - INFO - [actualiza_db] - Log eliminado: log_actualiza_db_2026-02-05.log (antigüedad: 162 días)
2026-07-17 03:58:16 - INFO - [actualiza_db] - Log eliminado: log_actualiza_db_2026-01-14.log (antigüedad: 184 días)
2026-07-17 03:58:16 - INFO - [actualiza_db] - Log eliminado: log_actualiza_db_2026-05-07.log (antigüedad: 71 días)
2026-07-17 03:58:16 - INFO - [actualiza_db] - Log eliminado: log_actualiza_db_2025-10-03.log (antigüedad: 287 días)
2026-07-17 03:58:16 - INFO - [actualiza_db] - Log eliminado: log_actualiza_db_2025-10-22.log (antigüedad: 268 días)
2026-07-17 03:58:16 - INFO - [actualiza_db] - Log eliminado: log_actualiza_db_2026-04-16.log (antigüedad: 92 días)
2026-07-17 03:58:16 - INFO - [actualiza_db] - Log eliminado: log_actualiza_db_2026-03-14.log (antigüedad: 125 días)
2026-07-17 03:58:16 - INFO - [actualiza_db] - Log eliminado: log_actualiza_db_2026-03-15.log (antigüedad: 124 días)
2026-07-17 03:58:16 - INFO - [actualiza_db] - Log eliminado: log_actualiza_db_2026-05-23.log (antigüedad: 55 días)
2026-07-17 03:58:16 - INFO - [actualiza_db] - Log eliminado: log_actualiza_db_2025-10-30.log (antigüedad: 260 días)
2026-07-17 03:58:16 - INFO - [actualiza_db] - Log eliminado: log_actualiza_db_2026-04-18.log (antigüedad: 90 días)
2026-07-17 03:58:16 - INFO - [actualiza_db] - Log eliminado: log_actualiza_db_2026-04-24.log (antigüedad: 84 días)
2026-07-17 03:58:16 - INFO - [actualiza_db] - Log eliminado: log_actualiza_db_2026-01-16.log (antigüedad: 182 días)
2026-07-17 03:58:16 - INFO - [actualiza_db] - Log eliminado: log_actualiza_db_2026-01-05.log (antigüedad: 193 días)
2026-07-17 03:58:16 - INFO - [actualiza_db] - Log eliminado: log_actualiza_db_2026-06-17.log (antigüedad: 30 días)
2026-07-17 03:58:16 - INFO - [actualiza_db] - Log eliminado: log_actualiza_db_2026-04-12.log (antigüedad: 96 días)
2026-07-17 03:58:16 - INFO - [actualiza_db] - Log eliminado: log_actualiza_db_2025-12-22.log (antigüedad: 207 días)
2026-07-17 03:58:16 - INFO - [actualiza_db] - Log eliminado: log_actualiza_db_2026-04-19.log (antigüedad: 89 días)
2026-07-17 03:58:16 - INFO - [actualiza_db] - Log eliminado: log_actualiza_db_2026-06-16.log (antigüedad: 31 días)
2026-07-17 03:58:16 - INFO - [actualiza_db] - Log eliminado: log_actualiza_db_2026-03-30.log (antigüedad: 109 días)
2026-07-17 03:58:16 - INFO - [actualiza_db] - Log eliminado: log_actualiza_db_2025-11-28.log (antigüedad: 231 días)
2026-07-17 03:58:16 - INFO - [actualiza_db] - Log eliminado: log_actualiza_db_2025-10-08.log (antigüedad: 282 días)
2026-07-17 03:58:16 - INFO - [actualiza_db] - Log eliminado: log_actualiza_db_2026-04-08.log (antigüedad: 100 días)
2026-07-17 03:58:16 - INFO - [actualiza_db] - Log eliminado: log_actualiza_db_2025-12-08.log (antigüedad: 221 días)
2026-07-17 03:58:16 - INFO - [actualiza_db] - Log eliminado: log_actualiza_db_2026-01-29.log (antigüedad: 169 días)
2026-07-17 03:58:16 - INFO - [actualiza_db] - Log eliminado: log_actualiza_db_2026-04-14.log (antigüedad: 94 días)
2026-07-17 03:58:16 - INFO - [actualiza_db] - Log eliminado: log_actualiza_db_2026-06-03.log (antigüedad: 44 días)
2026-07-17 03:58:16 - INFO - [actualiza_db] - Log eliminado: log_actualiza_db_2026-06-18.log (antigüedad: 29 días)
2026-07-17 03:58:16 - INFO - [actualiza_db] - Log eliminado: log_actualiza_db_2026-02-04.log (antigüedad: 163 días)
2026-07-17 03:58:16 - INFO - [actualiza_db] - Log eliminado: log_actualiza_db_2026-01-12.log (antigüedad: 186 días)
2026-07-17 03:58:16 - INFO - [actualiza_db] - Log eliminado: log_actualiza_db_2026-06-08.log (antigüedad: 39 días)
2026-07-17 03:58:16 - INFO - [actualiza_db] - Log eliminado: log_actualiza_db_2025-11-10.log (antigüedad: 249 días)
2026-07-17 03:58:16 - INFO - [actualiza_db] - Log eliminado: log_actualiza_db_2026-02-07.log (antigüedad: 160 días)
2026-07-17 03:58:16 - INFO - [actualiza_db] - Log eliminado: log_actualiza_db_2025-10-13.log (antigüedad: 277 días)
2026-07-17 03:58:16 - INFO - [actualiza_db] - Log eliminado: log_actualiza_db_2026-06-07.log (antigüedad: 40 días)
2026-07-17 03:58:16 - INFO - [actualiza_db] - Log eliminado: log_actualiza_db_2025-11-25.log (antigüedad: 234 días)
2026-07-17 03:58:16 - INFO - [actualiza_db] - Log eliminado: log_actualiza_db_2025-09-25.log (antigüedad: 295 días)
2026-07-17 03:58:16 - INFO - [actualiza_db] - Log eliminado: log_actualiza_db_2026-05-08.log (antigüedad: 70 días)
2026-07-17 03:58:16 - INFO - [actualiza_db] - Log eliminado: log_actualiza_db_2026-06-27.log (antigüedad: 20 días)
2026-07-17 03:58:16 - INFO - [actualiza_db] - Log eliminado: log_actualiza_db_2026-04-30.log (antigüedad: 78 días)
2026-07-17 03:58:16 - INFO - [actualiza_db] - Log eliminado: log_actualiza_db_2026-05-19.log (antigüedad: 59 días)
2026-07-17 03:58:16 - INFO - [actualiza_db] - Log eliminado: log_actualiza_db_2025-10-05.log (antigüedad: 285 días)
2026-07-17 03:58:16 - INFO - [actualiza_db] - Log eliminado: log_actualiza_db_2026-05-12.log (antigüedad: 66 días)
2026-07-17 03:58:16 - INFO - [actualiza_db] - Log eliminado: log_actualiza_db_2025-12-13.log (antigüedad: 216 días)
2026-07-17 03:58:16 - INFO - [actualiza_db] - Log eliminado: log_actualiza_db_2026-05-05.log (antigüedad: 73 días)
2026-07-17 03:58:16 - INFO - [actualiza_db] - Log eliminado: log_actualiza_db_2025-11-17.log (antigüedad: 242 días)
2026-07-17 03:58:16 - INFO - [actualiza_db] - Log eliminado: log_actualiza_db_2026-03-01.log (antigüedad: 138 días)
2026-07-17 03:58:16 - INFO - [actualiza_db] - Log eliminado: log_actualiza_db_2026-02-13.log (antigüedad: 154 días)
2026-07-17 03:58:16 - INFO - [actualiza_db] - Log eliminado: log_actualiza_db_2025-10-07.log (antigüedad: 283 días)
2026-07-17 03:58:16 - INFO - [actualiza_db] - Log eliminado: log_actualiza_db_2026-03-26.log (antigüedad: 113 días)
2026-07-17 03:58:16 - INFO - [actualiza_db] - Log eliminado: log_actualiza_db_2026-03-02.log (antigüedad: 137 días)
2026-07-17 03:58:16 - INFO - [actualiza_db] - Log eliminado: log_actualiza_db_2025-12-05.log (antigüedad: 224 días)
2026-07-17 03:58:16 - INFO - [actualiza_db] - Log eliminado: log_actualiza_db_2025-11-07.log (antigüedad: 252 días)
2026-07-17 03:58:16 - INFO - [actualiza_db] - Log eliminado: log_actualiza_db_2026-01-20.log (antigüedad: 178 días)
2026-07-17 03:58:16 - INFO - [actualiza_db] - Log eliminado: log_actualiza_db_2026-04-25.log (antigüedad: 83 días)
2026-07-17 03:58:16 - INFO - [actualiza_db] - Log eliminado: log_actualiza_db_2025-11-21.log (antigüedad: 238 días)
2026-07-17 03:58:16 - INFO - [actualiza_db] - Log eliminado: log_actualiza_db_2026-04-17.log (antigüedad: 91 días)
2026-07-17 03:58:16 - INFO - [actualiza_db] - Log eliminado: log_actualiza_db_2026-04-15.log (antigüedad: 93 días)
2026-07-17 03:58:16 - INFO - [actualiza_db] - Log eliminado: log_actualiza_db_2026-06-11.log (antigüedad: 36 días)
2026-07-17 03:58:16 - INFO - [actualiza_db] - Log eliminado: log_actualiza_db_2025-10-17.log (antigüedad: 273 días)
2026-07-17 03:58:16 - INFO - [actualiza_db] - Log eliminado: log_actualiza_db_2026-05-31.log (antigüedad: 47 días)
2026-07-17 03:58:16 - INFO - [actualiza_db] - Log eliminado: log_actualiza_db_2026-03-12.log (antigüedad: 127 días)
2026-07-17 03:58:16 - INFO - [actualiza_db] - Log eliminado: log_actualiza_db_2025-09-30.log (antigüedad: 290 días)
2026-07-17 03:58:16 - INFO - [actualiza_db] - Log eliminado: log_actualiza_db_2026-03-08.log (antigüedad: 131 días)
2026-07-17 03:58:16 - INFO - [actualiza_db] - Log eliminado: log_actualiza_db_2025-10-04.log (antigüedad: 286 días)
2026-07-17 03:58:16 - INFO - [actualiza_db] - Log eliminado: log_actualiza_db_2026-06-01.log (antigüedad: 46 días)
2026-07-17 03:58:16 - INFO - [actualiza_db] - Log eliminado: log_actualiza_db_2025-12-23.log (antigüedad: 206 días)
2026-07-17 03:58:16 - INFO - [actualiza_db] - Log eliminado: log_actualiza_db_2025-11-03.log (antigüedad: 256 días)
2026-07-17 03:58:16 - INFO - [actualiza_db] - Log eliminado: log_actualiza_db_2026-05-06.log (antigüedad: 72 días)
2026-07-17 03:58:16 - INFO - [actualiza_db] - Log eliminado: log_actualiza_db_2025-11-12.log (antigüedad: 247 días)
2026-07-17 03:58:16 - INFO - [actualiza_db] - Log eliminado: log_actualiza_db_2025-10-28.log (antigüedad: 262 días)
2026-07-17 03:58:16 - INFO - [actualiza_db] - Log eliminado: log_actualiza_db_2025-11-24.log (antigüedad: 235 días)
2026-07-17 03:58:16 - INFO - [actualiza_db] - Log eliminado: log_actualiza_db_2026-04-27.log (antigüedad: 81 días)
2026-07-17 03:58:16 - INFO - [actualiza_db] - Log eliminado: log_actualiza_db_2026-05-18.log (antigüedad: 60 días)
2026-07-17 03:58:16 - INFO - [actualiza_db] - Log eliminado: log_actualiza_db_2025-10-27.log (antigüedad: 263 días)
2026-07-17 03:58:16 - INFO - [actualiza_db] - Log eliminado: log_actualiza_db_2026-06-13.log (antigüedad: 34 días)
2026-07-17 03:58:16 - INFO - [actualiza_db] - Log eliminado: log_actualiza_db_2026-03-24.log (antigüedad: 115 días)
2026-07-17 03:58:16 - INFO - [actualiza_db] - Log eliminado: log_actualiza_db_2025-09-28.log (antigüedad: 292 días)
2026-07-17 03:58:16 - INFO - [actualiza_db] - Log eliminado: log_actualiza_db_2025-11-19.log (antigüedad: 240 días)
2026-07-17 03:58:16 - INFO - [actualiza_db] - Log eliminado: log_actualiza_db_2026-03-21.log (antigüedad: 118 días)
2026-07-17 03:58:16 - INFO - [actualiza_db] - Log eliminado: log_actualiza_db_2025-10-21.log (antigüedad: 269 días)
2026-07-17 03:58:16 - INFO - [actualiza_db] - Log eliminado: log_actualiza_db_2026-05-17.log (antigüedad: 61 días)
2026-07-17 03:58:16 - INFO - [actualiza_db] - Log eliminado: log_actualiza_db_2025-10-16.log (antigüedad: 274 días)
2026-07-17 03:58:16 - INFO - [actualiza_db] - Log eliminado: log_actualiza_db_2026-06-30.log (antigüedad: 17 días)
2026-07-17 03:58:16 - INFO - [actualiza_db] - Log eliminado: log_actualiza_db_2026-01-22.log (antigüedad: 176 días)
2026-07-17 03:58:16 - INFO - [actualiza_db] - Log eliminado: log_actualiza_db_2025-10-02.log (antigüedad: 288 días)
2026-07-17 03:58:16 - INFO - [actualiza_db] - Log eliminado: log_actualiza_db_2026-05-16.log (antigüedad: 62 días)
2026-07-17 03:58:16 - INFO - [actualiza_db] - Log eliminado: log_actualiza_db_2026-01-11.log (antigüedad: 187 días)
2026-07-17 03:58:16 - INFO - [actualiza_db] - Log eliminado: log_actualiza_db_2026-03-19.log (antigüedad: 120 días)
2026-07-17 03:58:16 - INFO - [actualiza_db] - Log eliminado: log_actualiza_db_2026-05-02.log (antigüedad: 76 días)
2026-07-17 03:58:16 - INFO - [actualiza_db] - Log eliminado: log_actualiza_db_2025-11-13.log (antigüedad: 246 días)
2026-07-17 03:58:16 - INFO - [actualiza_db] - Log eliminado: log_actualiza_db_2026-03-28.log (antigüedad: 111 días)
2026-07-17 03:58:16 - INFO - [actualiza_db] - Log eliminado: log_actualiza_db_2025-11-09.log (antigüedad: 250 días)
2026-07-17 03:58:16 - INFO - [actualiza_db] - Log eliminado: log_actualiza_db_2025-11-08.log (antigüedad: 251 días)
2026-07-17 03:58:16 - INFO - [actualiza_db] - Log eliminado: log_actualiza_db_2026-01-03.log (antigüedad: 195 días)
2026-07-17 03:58:16 - INFO - [actualiza_db] - Log eliminado: log_actualiza_db_2026-04-26.log (antigüedad: 82 días)
2026-07-17 03:58:16 - INFO - [actualiza_db] - Log eliminado: log_actualiza_db_2025-12-29.log (antigüedad: 200 días)
2026-07-17 03:58:16 - INFO - [actualiza_db] - Log eliminado: log_actualiza_db_2025-10-01.log (antigüedad: 289 días)
2026-07-17 03:58:16 - INFO - [actualiza_db] - Log eliminado: log_actualiza_db_2026-03-20.log (antigüedad: 119 días)
2026-07-17 03:58:16 - INFO - [actualiza_db] - Log eliminado: log_actualiza_db_2025-10-19.log (antigüedad: 271 días)
2026-07-17 03:58:16 - INFO - [actualiza_db] - Log eliminado: log_actualiza_db_2026-01-24.log (antigüedad: 174 días)
2026-07-17 03:58:16 - INFO - [actualiza_db] - Log eliminado: log_actualiza_db_2026-01-09.log (antigüedad: 189 días)
2026-07-17 03:58:16 - INFO - [actualiza_db] - Log eliminado: log_actualiza_db_2026-03-04.log (antigüedad: 135 días)
2026-07-17 03:58:16 - INFO - [actualiza_db] - Log eliminado: log_actualiza_db_2026-06-04.log (antigüedad: 43 días)
2026-07-17 03:58:16 - INFO - [actualiza_db] - Log eliminado: log_actualiza_db_2026-04-06.log (antigüedad: 102 días)
2026-07-17 03:58:16 - INFO - [actualiza_db] - Log eliminado: log_actualiza_db_2025-09-24.log (antigüedad: 296 días)
2026-07-17 03:58:16 - INFO - [actualiza_db] - Log eliminado: log_actualiza_db_2026-01-30.log (antigüedad: 168 días)
2026-07-17 03:58:16 - INFO - [actualiza_db] - Log eliminado: log_actualiza_db_2025-10-12.log (antigüedad: 278 días)
2026-07-17 03:58:16 - INFO - [actualiza_db] - Log eliminado: log_actualiza_db_2026-05-27.log (antigüedad: 51 días)
2026-07-17 03:58:16 - INFO - [actualiza_db] - Log eliminado: log_actualiza_db_2026-05-11.log (antigüedad: 67 días)
2026-07-17 03:58:16 - INFO - [actualiza_db] - Log eliminado: log_actualiza_db_2026-06-09.log (antigüedad: 38 días)
2026-07-17 03:58:16 - INFO - [actualiza_db] - Log eliminado: log_actualiza_db_2026-01-21.log (antigüedad: 177 días)
2026-07-17 03:58:16 - INFO - [actualiza_db] - Log eliminado: log_actualiza_db_2025-11-16.log (antigüedad: 243 días)
2026-07-17 03:58:16 - INFO - [actualiza_db] - Log eliminado: log_actualiza_db_2025-10-25.log (antigüedad: 265 días)
2026-07-17 03:58:16 - INFO - [actualiza_db] - Log eliminado: log_actualiza_db_2025-12-21.log (antigüedad: 208 días)
2026-07-17 03:58:16 - INFO - [actualiza_db] - Log eliminado: log_actualiza_db_2026-01-15.log (antigüedad: 183 días)
2026-07-17 03:58:16 - INFO - [actualiza_db] - Log eliminado: log_actualiza_db_2026-01-25.log (antigüedad: 173 días)
2026-07-17 03:58:16 - INFO - [actualiza_db] - Log eliminado: log_actualiza_db_2025-12-26.log (antigüedad: 203 días)
2026-07-17 03:58:16 - INFO - [actualiza_db] - Log eliminado: log_actualiza_db_2026-05-22.log (antigüedad: 56 días)
2026-07-17 03:58:16 - INFO - [actualiza_db] - Log eliminado: log_actualiza_db_2026-06-12.log (antigüedad: 35 días)
2026-07-17 03:58:16 - INFO - [actualiza_db] - Log eliminado: log_actualiza_db_2026-04-22.log (antigüedad: 86 días)
2026-07-17 03:58:16 - INFO - [actualiza_db] - Log eliminado: log_actualiza_db_2025-12-10.log (antigüedad: 219 días)
2026-07-17 03:58:16 - INFO - [actualiza_db] - Log eliminado: log_actualiza_db_2026-04-07.log (antigüedad: 101 días)
2026-07-17 03:58:16 - INFO - [actualiza_db] - Log eliminado: log_actualiza_db_2026-03-11.log (antigüedad: 128 días)
2026-07-17 03:58:16 - INFO - [actualiza_db] - Log eliminado: log_actualiza_db_2026-02-14.log (antigüedad: 153 días)
2026-07-17 03:58:16 - INFO - [actualiza_db] - Log eliminado: log_actualiza_db_2025-09-27.log (antigüedad: 293 días)
2026-07-17 03:58:16 - INFO - [actualiza_db] - Log eliminado: log_actualiza_db_2026-04-23.log (antigüedad: 85 días)
2026-07-17 03:58:16 - INFO - [actualiza_db] - Log eliminado: log_actualiza_db_2026-06-25.log (antigüedad: 22 días)
2026-07-17 03:58:16 - INFO - [actualiza_db] - Log eliminado: log_actualiza_db_2026-06-14.log (antigüedad: 33 días)
2026-07-17 03:58:16 - INFO - [actualiza_db] - Log eliminado: log_actualiza_db_2026-01-01.log (antigüedad: 197 días)
2026-07-17 03:58:16 - INFO - [actualiza_db] - Log eliminado: log_actualiza_db_2026-06-20.log (antigüedad: 27 días)
2026-07-17 03:58:16 - INFO - [actualiza_db] - Log eliminado: log_actualiza_db_2026-05-04.log (antigüedad: 74 días)
2026-07-17 03:58:16 - INFO - [actualiza_db] - Log eliminado: log_actualiza_db_2025-11-11.log (antigüedad: 248 días)
2026-07-17 03:58:16 - INFO - [actualiza_db] - Log eliminado: log_actualiza_db_2026-03-25.log (antigüedad: 114 días)
2026-07-17 03:58:16 - INFO - [actualiza_db] - Log eliminado: log_actualiza_db_2026-01-26.log (antigüedad: 172 días)
2026-07-17 03:58:16 - INFO - [actualiza_db] - Log eliminado: log_actualiza_db_2025-12-01.log (antigüedad: 228 días)
2026-07-17 03:58:16 - INFO - [actualiza_db] - Log eliminado: log_actualiza_db_2025-11-06.log (antigüedad: 253 días)
2026-07-17 03:58:16 - INFO - [actualiza_db] - Log eliminado: log_actualiza_db_2026-02-10.log (antigüedad: 157 días)
2026-07-17 03:58:16 - INFO - [actualiza_db] - Log eliminado: log_actualiza_db_2026-03-03.log (antigüedad: 136 días)
2026-07-17 03:58:16 - INFO - [actualiza_db] - Log eliminado: log_actualiza_db_2026-02-25.log (antigüedad: 142 días)
2026-07-17 03:58:16 - INFO - [actualiza_db] - Log eliminado: log_actualiza_db_2026-01-28.log (antigüedad: 170 días)
2026-07-17 03:58:16 - INFO - [actualiza_db] - Log eliminado: log_actualiza_db_2026-06-28.log (antigüedad: 19 días)
2026-07-17 03:58:16 - INFO - [actualiza_db] - Log eliminado: log_actualiza_db_2026-06-21.log (antigüedad: 26 días)
2026-07-17 03:58:16 - INFO - [actualiza_db] - Log eliminado: log_actualiza_db_2025-10-06.log (antigüedad: 284 días)
2026-07-17 03:58:16 - INFO - [actualiza_db] - Log eliminado: log_actualiza_db_2025-12-31.log (antigüedad: 198 días)
2026-07-17 03:58:16 - INFO - [actualiza_db] - Log eliminado: log_actualiza_db_2026-04-05.log (antigüedad: 103 días)
2026-07-17 03:58:16 - INFO - [actualiza_db] - Log eliminado: log_actualiza_db_2026-05-21.log (antigüedad: 57 días)
2026-07-17 03:58:16 - INFO - [actualiza_db] - Log eliminado: log_actualiza_db_2025-10-11.log (antigüedad: 279 días)
2026-07-17 03:58:16 - INFO - [actualiza_db] - Log eliminado: log_actualiza_db_2025-12-09.log (antigüedad: 220 días)
2026-07-17 03:58:16 - INFO - [actualiza_db] - Log eliminado: log_actualiza_db_2026-02-26.log (antigüedad: 141 días)
2026-07-17 03:58:16 - INFO - [actualiza_db] - Log eliminado: log_actualiza_db_2026-02-24.log (antigüedad: 143 días)
2026-07-17 03:58:16 - INFO - [actualiza_db] - Log eliminado: log_actualiza_db_2026-01-23.log (antigüedad: 175 días)
2026-07-17 03:58:16 - INFO - [actualiza_db] - Log eliminado: log_actualiza_db_2026-06-05.log (antigüedad: 42 días)
2026-07-17 03:58:16 - INFO - [actualiza_db] - Log eliminado: log_actualiza_db_2026-04-20.log (antigüedad: 88 días)
2026-07-17 03:58:16 - INFO - [actualiza_db] - Total de logs eliminados: 283
