2025-10-29 02:43:18 - INFO - [actualiza_db] - Inicio del pipeline de actualización INTENTO --> 1
2025-10-29 02:43:18 - INFO - [actualiza_db] - Data existente cargada desde db/db.parquet
2025-10-29 02:43:18 - INFO - [actualiza_db] - Data Bitcoin obtenida correctamente
2025-10-29 02:43:18 - INFO - [actualiza_db] - price_gold obtenido: 4001.89990234375
2025-10-29 02:43:33 - INFO - [actualiza_db] - stock_index_dowjones obtenido: 47544.58984375
2025-10-29 02:43:48 - INFO - [actualiza_db] - stock_index_sp500 obtenido: 6875.16015625
2025-10-29 02:44:03 - INFO - [actualiza_db] - rate_US10Y obtenido: 3.996999979019165
2025-10-29 02:44:18 - INFO - [actualiza_db] - stock_index_ni225 obtenido: 50512.3203125
2025-10-29 02:44:33 - INFO - [actualiza_db] - Data combinada: {'date': datetime.date(2025, 10, 28), 'price': 112595.88803891737, 'total_volume': 68940159784.95065, 'market_cap': 2245003467473.941, 'price_gold': np.float64(4001.89990234375), 'stock_index_dowjones': np.float64(47544.58984375), 'stock_index_sp500': np.float64(6875.16015625), 'rate_US10Y': np.float64(3.996999979019165), 'stock_index_ni225': np.float64(50512.3203125)}
2025-10-29 02:44:33 - INFO - [actualiza_db] - Data concatenada correctamente
2025-10-29 02:44:33 - INFO - [actualiza_db] - Aplicando estrategia de forward fill
2025-10-29 02:44:33 - INFO - [actualiza_db] - Data actualizada correctamente
2025-10-29 02:44:33 - INFO - [actualiza_db] - Data persistida exitosamente en db/db.parquet
2025-10-29 02:44:33 - INFO - [actualiza_db] - Pipeline completado exitosamente
2025-10-29 02:44:33 - INFO - [actualiza_db] - Log eliminado: log_actualiza_db_2025-09-24.log (antigüedad: 35 días)
2025-10-29 02:44:33 - INFO - [actualiza_db] - Log eliminado: log_actualiza_db_2025-10-08.log (antigüedad: 21 días)
2025-10-29 02:44:33 - INFO - [actualiza_db] - Log eliminado: log_actualiza_db_2025-10-06.log (antigüedad: 23 días)
2025-10-29 02:44:33 - INFO - [actualiza_db] - Log eliminado: log_actualiza_db_2025-10-13.log (antigüedad: 16 días)
2025-10-29 02:44:33 - INFO - [actualiza_db] - Log eliminado: log_actualiza_db_2025-09-25.log (antigüedad: 34 días)
2025-10-29 02:44:33 - INFO - [actualiza_db] - Log eliminado: log_actualiza_db_2025-10-05.log (antigüedad: 24 días)
2025-10-29 02:44:33 - INFO - [actualiza_db] - Log eliminado: log_actualiza_db_2025-10-11.log (antigüedad: 18 días)
2025-10-29 02:44:33 - INFO - [actualiza_db] - Log eliminado: log_actualiza_db_2025-10-12.log (antigüedad: 17 días)
2025-10-29 02:44:33 - INFO - [actualiza_db] - Log eliminado: log_actualiza_db_2025-09-30.log (antigüedad: 29 días)
2025-10-29 02:44:33 - INFO - [actualiza_db] - Log eliminado: log_actualiza_db_2025-10-02.log (antigüedad: 27 días)
2025-10-29 02:44:33 - INFO - [actualiza_db] - Log eliminado: log_actualiza_db_2025-09-29.log (antigüedad: 30 días)
2025-10-29 02:44:33 - INFO - [actualiza_db] - Log eliminado: log_actualiza_db_2025-09-26.log (antigüedad: 33 días)
2025-10-29 02:44:33 - INFO - [actualiza_db] - Log eliminado: log_actualiza_db_2025-10-03.log (antigüedad: 26 días)
2025-10-29 02:44:33 - INFO - [actualiza_db] - Log eliminado: log_actualiza_db_2025-10-04.log (antigüedad: 25 días)
2025-10-29 02:44:33 - INFO - [actualiza_db] - Log eliminado: log_actualiza_db_2025-10-09.log (antigüedad: 20 días)
2025-10-29 02:44:33 - INFO - [actualiza_db] - Log eliminado: log_actualiza_db_2025-09-27.log (antigüedad: 32 días)
2025-10-29 02:44:33 - INFO - [actualiza_db] - Log eliminado: log_actualiza_db_2025-09-23.log (antigüedad: 36 días)
2025-10-29 02:44:33 - INFO - [actualiza_db] - Log eliminado: log_actualiza_db_2025-10-01.log (antigüedad: 28 días)
2025-10-29 02:44:33 - INFO - [actualiza_db] - Log eliminado: log_actualiza_db_2025-10-10.log (antigüedad: 19 días)
2025-10-29 02:44:33 - INFO - [actualiza_db] - Log eliminado: log_actualiza_db_2025-09-22.log (antigüedad: 37 días)
2025-10-29 02:44:33 - INFO - [actualiza_db] - Log eliminado: log_actualiza_db_2025-10-07.log (antigüedad: 22 días)
2025-10-29 02:44:33 - INFO - [actualiza_db] - Log eliminado: log_actualiza_db_2025-09-28.log (antigüedad: 31 días)
2025-10-29 02:44:33 - INFO - [actualiza_db] - Total de logs eliminados: 22
