2025-10-22 02:28:48 - INFO - [actualiza_db] - Inicio del pipeline de actualización INTENTO --> 1
2025-10-22 02:28:48 - INFO - [actualiza_db] - Data existente cargada desde db/db.parquet
2025-10-22 02:28:48 - INFO - [actualiza_db] - Data Bitcoin obtenida correctamente
2025-10-22 02:28:48 - INFO - [actualiza_db] - price_gold obtenido: 4336.39990234375
2025-10-22 02:29:03 - INFO - [actualiza_db] - stock_index_dowjones obtenido: 46706.578125
2025-10-22 02:29:19 - INFO - [actualiza_db] - stock_index_sp500 obtenido: 6735.1298828125
2025-10-22 02:29:34 - INFO - [actualiza_db] - rate_US10Y obtenido: 3.9860000610351562
2025-10-22 02:29:49 - INFO - [actualiza_db] - stock_index_ni225 obtenido: 49185.5
2025-10-22 02:30:04 - INFO - [actualiza_db] - Data combinada: {'date': datetime.date(2025, 10, 21), 'price': 108533.00835543309, 'total_volume': 109385870242.24586, 'market_cap': 2163963714262.864, 'price_gold': np.float64(4336.39990234375), 'stock_index_dowjones': np.float64(46706.578125), 'stock_index_sp500': np.float64(6735.1298828125), 'rate_US10Y': np.float64(3.9860000610351562), 'stock_index_ni225': np.float64(49185.5)}
2025-10-22 02:30:04 - INFO - [actualiza_db] - Data concatenada correctamente
2025-10-22 02:30:04 - INFO - [actualiza_db] - Aplicando estrategia de forward fill
2025-10-22 02:30:04 - INFO - [actualiza_db] - Data actualizada correctamente
2025-10-22 02:30:04 - INFO - [actualiza_db] - Data persistida exitosamente en db/db.parquet
2025-10-22 02:30:04 - INFO - [actualiza_db] - Pipeline completado exitosamente
2025-10-22 02:30:04 - INFO - [actualiza_db] - Log eliminado: log_actualiza_db_2025-09-24.log (antigüedad: 28 días)
2025-10-22 02:30:04 - INFO - [actualiza_db] - Log eliminado: log_actualiza_db_2025-10-06.log (antigüedad: 16 días)
2025-10-22 02:30:04 - INFO - [actualiza_db] - Log eliminado: log_actualiza_db_2025-09-25.log (antigüedad: 27 días)
2025-10-22 02:30:04 - INFO - [actualiza_db] - Log eliminado: log_actualiza_db_2025-10-05.log (antigüedad: 17 días)
2025-10-22 02:30:04 - INFO - [actualiza_db] - Log eliminado: log_actualiza_db_2025-09-30.log (antigüedad: 22 días)
2025-10-22 02:30:04 - INFO - [actualiza_db] - Log eliminado: log_actualiza_db_2025-10-02.log (antigüedad: 20 días)
2025-10-22 02:30:04 - INFO - [actualiza_db] - Log eliminado: log_actualiza_db_2025-09-29.log (antigüedad: 23 días)
2025-10-22 02:30:04 - INFO - [actualiza_db] - Log eliminado: log_actualiza_db_2025-09-26.log (antigüedad: 26 días)
2025-10-22 02:30:04 - INFO - [actualiza_db] - Log eliminado: log_actualiza_db_2025-10-03.log (antigüedad: 19 días)
2025-10-22 02:30:04 - INFO - [actualiza_db] - Log eliminado: log_actualiza_db_2025-10-04.log (antigüedad: 18 días)
2025-10-22 02:30:04 - INFO - [actualiza_db] - Log eliminado: log_actualiza_db_2025-09-27.log (antigüedad: 25 días)
2025-10-22 02:30:04 - INFO - [actualiza_db] - Log eliminado: log_actualiza_db_2025-09-23.log (antigüedad: 29 días)
2025-10-22 02:30:04 - INFO - [actualiza_db] - Log eliminado: log_actualiza_db_2025-10-01.log (antigüedad: 21 días)
2025-10-22 02:30:04 - INFO - [actualiza_db] - Log eliminado: log_actualiza_db_2025-09-22.log (antigüedad: 30 días)
2025-10-22 02:30:04 - INFO - [actualiza_db] - Log eliminado: log_actualiza_db_2025-09-28.log (antigüedad: 24 días)
2025-10-22 02:30:04 - INFO - [actualiza_db] - Total de logs eliminados: 15
