2025-10-19 02:44:23 - INFO - [actualiza_db] - Inicio del pipeline de actualización INTENTO --> 1
2025-10-19 02:44:23 - INFO - [actualiza_db] - Data existente cargada desde db/db.parquet
2025-10-19 02:44:23 - INFO - [actualiza_db] - Data Bitcoin obtenida correctamente
2025-10-19 02:44:23 - WARNING - [actualiza_db] - Fin de semana detectado: retornando valores nulos
2025-10-19 02:44:23 - INFO - [actualiza_db] - Data combinada: {'date': datetime.date(2025, 10, 18), 'price': 106883.02916844023, 'total_volume': 31474524933.122864, 'market_cap': 2130854104004.809, 'price_gold': None, 'stock_index_dowjones': None, 'stock_index_sp500': None, 'rate_US10Y': None, 'stock_index_ni225': None}
2025-10-19 02:44:23 - INFO - [actualiza_db] - Data concatenada correctamente
2025-10-19 02:44:23 - INFO - [actualiza_db] - Aplicando estrategia de forward fill
2025-10-19 02:44:23 - INFO - [actualiza_db] - Data actualizada correctamente
2025-10-19 02:44:23 - INFO - [actualiza_db] - Data persistida exitosamente en db/db.parquet
2025-10-19 02:44:23 - INFO - [actualiza_db] - Pipeline completado exitosamente
2025-10-19 02:44:23 - INFO - [actualiza_db] - Log eliminado: log_actualiza_db_2025-09-22.log (antigüedad: 27 días)
2025-10-19 02:44:23 - INFO - [actualiza_db] - Log eliminado: log_actualiza_db_2025-09-24.log (antigüedad: 25 días)
2025-10-19 02:44:23 - INFO - [actualiza_db] - Log eliminado: log_actualiza_db_2025-09-23.log (antigüedad: 26 días)
2025-10-19 02:44:23 - INFO - [actualiza_db] - Log eliminado: log_actualiza_db_2025-10-01.log (antigüedad: 18 días)
2025-10-19 02:44:23 - INFO - [actualiza_db] - Log eliminado: log_actualiza_db_2025-09-27.log (antigüedad: 22 días)
2025-10-19 02:44:23 - INFO - [actualiza_db] - Log eliminado: log_actualiza_db_2025-10-02.log (antigüedad: 17 días)
2025-10-19 02:44:23 - INFO - [actualiza_db] - Log eliminado: log_actualiza_db_2025-09-25.log (antigüedad: 24 días)
2025-10-19 02:44:23 - INFO - [actualiza_db] - Log eliminado: log_actualiza_db_2025-09-30.log (antigüedad: 19 días)
2025-10-19 02:44:23 - INFO - [actualiza_db] - Log eliminado: log_actualiza_db_2025-10-03.log (antigüedad: 16 días)
2025-10-19 02:44:23 - INFO - [actualiza_db] - Log eliminado: log_actualiza_db_2025-09-28.log (antigüedad: 21 días)
2025-10-19 02:44:23 - INFO - [actualiza_db] - Log eliminado: log_actualiza_db_2025-09-29.log (antigüedad: 20 días)
2025-10-19 02:44:23 - INFO - [actualiza_db] - Log eliminado: log_actualiza_db_2025-09-26.log (antigüedad: 23 días)
2025-10-19 02:44:23 - INFO - [actualiza_db] - Total de logs eliminados: 12
