2025-10-17 02:22:41 - INFO - [actualiza_db] - Inicio del pipeline de actualización INTENTO --> 1
2025-10-17 02:22:41 - INFO - [actualiza_db] - Data existente cargada desde db/db.parquet
2025-10-17 02:22:41 - INFO - [actualiza_db] - Data Bitcoin obtenida correctamente
2025-10-17 02:22:41 - INFO - [actualiza_db] - price_gold obtenido: 4176.89990234375
2025-10-17 02:22:56 - INFO - [actualiza_db] - stock_index_dowjones obtenido: 46253.30859375
2025-10-17 02:23:12 - INFO - [actualiza_db] - stock_index_sp500 obtenido: 6671.06005859375
2025-10-17 02:23:27 - INFO - [actualiza_db] - rate_US10Y obtenido: 4.046000003814697
2025-10-17 02:23:42 - INFO - [actualiza_db] - stock_index_ni225 obtenido: 47672.671875
2025-10-17 02:23:57 - INFO - [actualiza_db] - Data combinada: {'date': datetime.date(2025, 10, 16), 'price': 108537.35012533872, 'total_volume': 83506996755.67867, 'market_cap': 2162534718640.8643, 'price_gold': np.float64(4176.89990234375), 'stock_index_dowjones': np.float64(46253.30859375), 'stock_index_sp500': np.float64(6671.06005859375), 'rate_US10Y': np.float64(4.046000003814697), 'stock_index_ni225': np.float64(47672.671875)}
2025-10-17 02:23:57 - INFO - [actualiza_db] - Data concatenada correctamente
2025-10-17 02:23:57 - INFO - [actualiza_db] - Aplicando estrategia de forward fill
2025-10-17 02:23:57 - INFO - [actualiza_db] - Data actualizada correctamente
2025-10-17 02:23:57 - INFO - [actualiza_db] - Data persistida exitosamente en db/db.parquet
2025-10-17 02:23:57 - INFO - [actualiza_db] - Pipeline completado exitosamente
2025-10-17 02:23:57 - INFO - [actualiza_db] - Log eliminado: log_actualiza_db_2025-09-24.log (antigüedad: 23 días)
2025-10-17 02:23:57 - INFO - [actualiza_db] - Log eliminado: log_actualiza_db_2025-09-25.log (antigüedad: 22 días)
2025-10-17 02:23:57 - INFO - [actualiza_db] - Log eliminado: log_actualiza_db_2025-09-30.log (antigüedad: 17 días)
2025-10-17 02:23:57 - INFO - [actualiza_db] - Log eliminado: log_actualiza_db_2025-09-29.log (antigüedad: 18 días)
2025-10-17 02:23:57 - INFO - [actualiza_db] - Log eliminado: log_actualiza_db_2025-09-26.log (antigüedad: 21 días)
2025-10-17 02:23:57 - INFO - [actualiza_db] - Log eliminado: log_actualiza_db_2025-09-27.log (antigüedad: 20 días)
2025-10-17 02:23:57 - INFO - [actualiza_db] - Log eliminado: log_actualiza_db_2025-09-23.log (antigüedad: 24 días)
2025-10-17 02:23:57 - INFO - [actualiza_db] - Log eliminado: log_actualiza_db_2025-10-01.log (antigüedad: 16 días)
2025-10-17 02:23:57 - INFO - [actualiza_db] - Log eliminado: log_actualiza_db_2025-09-22.log (antigüedad: 25 días)
2025-10-17 02:23:57 - INFO - [actualiza_db] - Log eliminado: log_actualiza_db_2025-09-28.log (antigüedad: 19 días)
2025-10-17 02:23:57 - INFO - [actualiza_db] - Total de logs eliminados: 10
